<?xml version="1.0" encoding="UTF-8"?>
<testng-results ignored="0" total="1" passed="1" failed="0" skipped="0">
  <reporter-output>
  </reporter-output>
  <suite started-at="2022-10-17T11:52:02 PDT" name="Suite" finished-at="2022-10-17T11:52:33 PDT" duration-ms="31054">
    <groups>
    </groups>
    <test started-at="2022-10-17T11:52:02 PDT" name="Test" finished-at="2022-10-17T11:52:33 PDT" duration-ms="31054">
      <class name="Testcases.Testlogin">
        <test-method is-config="true" signature="Setup()[pri:0, instance:Testcases.Testlogin@498d318c]" started-at="2022-10-17T11:52:02 PDT" name="Setup" finished-at="2022-10-17T11:52:28 PDT" duration-ms="26121" status="PASS">
          <reporter-output>
          </reporter-output>
        </test-method> <!-- Setup -->
        <test-method signature="testLogin()[pri:0, instance:Testcases.Testlogin@498d318c]" started-at="2022-10-17T11:52:28 PDT" name="testLogin" finished-at="2022-10-17T11:52:31 PDT" duration-ms="2557" status="PASS">
          <reporter-output>
          </reporter-output>
        </test-method> <!-- testLogin -->
        <test-method is-config="true" signature="teardown()[pri:0, instance:Testcases.Testlogin@498d318c]" started-at="2022-10-17T11:52:31 PDT" name="teardown" finished-at="2022-10-17T11:52:33 PDT" duration-ms="2272" status="PASS">
          <reporter-output>
          </reporter-output>
        </test-method> <!-- teardown -->
      </class> <!-- Testcases.Testlogin -->
    </test> <!-- Test -->
  </suite> <!-- Suite -->
</testng-results>
